[0218/113221.200:ERROR:process_reader_win.cc(151)] SuspendThread: Access is denied. (0x5)
[0218/113221.201:ERROR:process_reader_win.cc(151)] SuspendThread: Access is denied. (0x5)
[0218/113221.201:ERROR:process_reader_win.cc(151)] SuspendThread: Access is denied. (0x5)
[0218/113221.201:ERROR:process_reader_win.cc(151)] SuspendThread: Access is denied. (0x5)
[0218/113221.201:ERROR:process_reader_win.cc(123)] NtOpenThread: {Access Denied} A process has requested access to an object, but has not been granted those access rights. (0xc0000022)
[0218/113221.213:ERROR:exception_snapshot_win.cc(98)] thread ID 30976 not found in process
[0219/210728.529:ERROR:process_reader_win.cc(123)] NtOpenThread: {Access Denied} A process has requested access to an object, but has not been granted those access rights. (0xc0000022)
[0219/210728.729:ERROR:exception_snapshot_win.cc(98)] thread ID 27488 not found in process
[0219/222829.221:ERROR:process_reader_win.cc(123)] NtOpenThread: {Access Denied} A process has requested access to an object, but has not been granted those access rights. (0xc0000022)
[0219/222829.261:ERROR:exception_snapshot_win.cc(98)] thread ID 3280 not found in process
[0219/223143.415:ERROR:process_reader_win.cc(151)] SuspendThread: Access is denied. (0x5)
[0219/223143.416:ERROR:process_reader_win.cc(151)] SuspendThread: Access is denied. (0x5)
[0219/223143.416:ERROR:process_reader_win.cc(151)] SuspendThread: Access is denied. (0x5)
[0219/223143.416:ERROR:process_reader_win.cc(151)] SuspendThread: Access is denied. (0x5)
[0219/223143.416:ERROR:process_reader_win.cc(151)] SuspendThread: Access is denied. (0x5)
[0219/223143.416:ERROR:process_reader_win.cc(123)] NtOpenThread: {Access Denied} A process has requested access to an object, but has not been granted those access rights. (0xc0000022)
[0219/223143.416:ERROR:exception_snapshot_win.cc(98)] thread ID 41188 not found in process
[0219/224239.657:ERROR:process_reader_win.cc(151)] SuspendThread: Access is denied. (0x5)
[0219/224239.658:ERROR:process_reader_win.cc(151)] SuspendThread: Access is denied. (0x5)
[0219/224239.658:ERROR:process_reader_win.cc(151)] SuspendThread: Access is denied. (0x5)
[0219/224239.658:ERROR:process_reader_win.cc(151)] SuspendThread: Access is denied. (0x5)
[0219/224239.658:ERROR:process_reader_win.cc(151)] SuspendThread: Access is denied. (0x5)
[0219/224239.658:ERROR:process_reader_win.cc(151)] SuspendThread: Access is denied. (0x5)
[0219/224239.658:ERROR:process_reader_win.cc(151)] SuspendThread: Access is denied. (0x5)
[0219/224239.658:ERROR:process_reader_win.cc(151)] SuspendThread: Access is denied. (0x5)
[0219/224239.658:ERROR:process_reader_win.cc(151)] SuspendThread: Access is denied. (0x5)
[0219/224239.658:ERROR:process_reader_win.cc(151)] SuspendThread: Access is denied. (0x5)
[0219/224239.658:ERROR:process_reader_win.cc(151)] SuspendThread: Access is denied. (0x5)
[0219/224239.659:ERROR:process_reader_win.cc(151)] SuspendThread: Access is denied. (0x5)
[0219/224239.659:ERROR:process_reader_win.cc(151)] SuspendThread: Access is denied. (0x5)
[0219/224239.659:ERROR:process_reader_win.cc(151)] SuspendThread: Access is denied. (0x5)
[0219/224239.659:ERROR:process_reader_win.cc(151)] SuspendThread: Access is denied. (0x5)
[0219/224239.659:ERROR:process_reader_win.cc(151)] SuspendThread: Access is denied. (0x5)
[0219/224239.659:ERROR:process_reader_win.cc(151)] SuspendThread: Access is denied. (0x5)
[0219/224239.659:ERROR:process_reader_win.cc(151)] SuspendThread: Access is denied. (0x5)
[0219/224239.660:ERROR:process_reader_win.cc(151)] SuspendThread: Access is denied. (0x5)
[0219/224239.660:ERROR:process_reader_win.cc(151)] SuspendThread: Access is denied. (0x5)
[0219/224239.660:ERROR:process_reader_win.cc(151)] SuspendThread: Access is denied. (0x5)
[0219/224239.660:ERROR:process_reader_win.cc(151)] SuspendThread: Access is denied. (0x5)
[0219/224239.660:ERROR:process_reader_win.cc(151)] SuspendThread: Access is denied. (0x5)
[0219/224239.660:ERROR:process_reader_win.cc(151)] SuspendThread: Access is denied. (0x5)
[0219/224239.660:ERROR:process_reader_win.cc(151)] SuspendThread: Access is denied. (0x5)
[0219/224239.661:ERROR:process_reader_win.cc(151)] SuspendThread: Access is denied. (0x5)
[0219/224239.661:ERROR:process_reader_win.cc(151)] SuspendThread: Access is denied. (0x5)
[0219/224239.661:ERROR:process_reader_win.cc(151)] SuspendThread: Access is denied. (0x5)
[0219/224239.661:ERROR:process_reader_win.cc(151)] SuspendThread: Access is denied. (0x5)
[0219/224239.661:ERROR:process_reader_win.cc(151)] SuspendThread: Access is denied. (0x5)
[0219/224239.661:ERROR:process_reader_win.cc(151)] SuspendThread: Access is denied. (0x5)
[0219/224239.661:ERROR:process_reader_win.cc(151)] SuspendThread: Access is denied. (0x5)
[0219/224239.661:ERROR:process_reader_win.cc(151)] SuspendThread: Access is denied. (0x5)
[0219/224239.661:ERROR:process_reader_win.cc(151)] SuspendThread: Access is denied. (0x5)
[0219/224239.661:ERROR:process_reader_win.cc(151)] SuspendThread: Access is denied. (0x5)
[0219/224239.661:ERROR:process_reader_win.cc(151)] SuspendThread: Access is denied. (0x5)
[0219/224239.661:ERROR:process_reader_win.cc(151)] SuspendThread: Access is denied. (0x5)
[0219/224239.661:ERROR:process_reader_win.cc(151)] SuspendThread: Access is denied. (0x5)
[0219/224239.661:ERROR:process_reader_win.cc(123)] NtOpenThread: {Access Denied} A process has requested access to an object, but has not been granted those access rights. (0xc0000022)
[0219/224239.662:ERROR:exception_snapshot_win.cc(98)] thread ID 41836 not found in process
[0219/224239.670:ERROR:process_reader_win.cc(151)] SuspendThread: Access is denied. (0x5)
[0219/224239.671:ERROR:process_reader_win.cc(151)] SuspendThread: Access is denied. (0x5)
[0219/224239.671:ERROR:process_reader_win.cc(151)] SuspendThread: Access is denied. (0x5)
[0219/224239.671:ERROR:process_reader_win.cc(151)] SuspendThread: Access is denied. (0x5)
[0219/224239.671:ERROR:process_reader_win.cc(151)] SuspendThread: Access is denied. (0x5)
[0219/224239.671:ERROR:process_reader_win.cc(151)] SuspendThread: Access is denied. (0x5)
[0219/224239.671:ERROR:process_reader_win.cc(151)] SuspendThread: Access is denied. (0x5)
[0219/224239.671:ERROR:process_reader_win.cc(151)] SuspendThread: Access is denied. (0x5)
[0219/224239.672:ERROR:process_reader_win.cc(151)] SuspendThread: Access is denied. (0x5)
[0219/224239.672:ERROR:process_reader_win.cc(151)] SuspendThread: Access is denied. (0x5)
[0219/224239.672:ERROR:process_reader_win.cc(151)] SuspendThread: Access is denied. (0x5)
[0219/224239.672:ERROR:process_reader_win.cc(151)] SuspendThread: Access is denied. (0x5)
[0219/224239.672:ERROR:process_reader_win.cc(151)] SuspendThread: Access is denied. (0x5)
[0219/224239.672:ERROR:process_reader_win.cc(151)] SuspendThread: Access is denied. (0x5)
[0219/224239.672:ERROR:process_reader_win.cc(151)] SuspendThread: Access is denied. (0x5)
[0219/224239.672:ERROR:process_reader_win.cc(151)] SuspendThread: Access is denied. (0x5)
[0219/224239.672:ERROR:process_reader_win.cc(151)] SuspendThread: Access is denied. (0x5)
[0219/224239.672:ERROR:process_reader_win.cc(151)] SuspendThread: Access is denied. (0x5)
[0219/224239.672:ERROR:process_reader_win.cc(151)] SuspendThread: Access is denied. (0x5)
[0219/224239.672:ERROR:process_reader_win.cc(151)] SuspendThread: Access is denied. (0x5)
[0219/224239.672:ERROR:process_reader_win.cc(151)] SuspendThread: Access is denied. (0x5)
[0219/224239.672:ERROR:process_reader_win.cc(151)] SuspendThread: Access is denied. (0x5)
[0219/224239.672:ERROR:process_reader_win.cc(151)] SuspendThread: Access is denied. (0x5)
[0219/224239.672:ERROR:process_reader_win.cc(123)] NtOpenThread: {Access Denied} A process has requested access to an object, but has not been granted those access rights. (0xc0000022)
[0219/224239.672:ERROR:exception_snapshot_win.cc(98)] thread ID 27568 not found in process
[0219/224239.687:ERROR:process_reader_win.cc(151)] SuspendThread: Access is denied. (0x5)
[0219/224239.688:ERROR:process_reader_win.cc(151)] SuspendThread: Access is denied. (0x5)
[0219/224239.688:ERROR:process_reader_win.cc(151)] SuspendThread: Access is denied. (0x5)
[0219/224239.688:ERROR:process_reader_win.cc(151)] SuspendThread: Access is denied. (0x5)
[0219/224239.688:ERROR:process_reader_win.cc(151)] SuspendThread: Access is denied. (0x5)
[0219/224239.688:ERROR:process_reader_win.cc(151)] SuspendThread: Access is denied. (0x5)
[0219/224239.688:ERROR:process_reader_win.cc(151)] SuspendThread: Access is denied. (0x5)
[0219/224239.688:ERROR:process_reader_win.cc(151)] SuspendThread: Access is denied. (0x5)
[0219/224239.688:ERROR:process_reader_win.cc(151)] SuspendThread: Access is denied. (0x5)
[0219/224239.688:ERROR:process_reader_win.cc(151)] SuspendThread: Access is denied. (0x5)
[0219/224239.688:ERROR:process_reader_win.cc(151)] SuspendThread: Access is denied. (0x5)
[0219/224239.688:ERROR:process_reader_win.cc(151)] SuspendThread: Access is denied. (0x5)
[0219/224239.688:ERROR:process_reader_win.cc(151)] SuspendThread: Access is denied. (0x5)
[0219/224239.688:ERROR:process_reader_win.cc(151)] SuspendThread: Access is denied. (0x5)
[0219/224239.688:ERROR:process_reader_win.cc(151)] SuspendThread: Access is denied. (0x5)
[0219/224239.688:ERROR:process_reader_win.cc(151)] SuspendThread: Access is denied. (0x5)
[0219/224239.688:ERROR:process_reader_win.cc(151)] SuspendThread: Access is denied. (0x5)
[0219/224239.688:ERROR:process_reader_win.cc(151)] SuspendThread: Access is denied. (0x5)
[0219/224239.688:ERROR:process_reader_win.cc(151)] SuspendThread: Access is denied. (0x5)
[0219/224239.688:ERROR:process_reader_win.cc(151)] SuspendThread: Access is denied. (0x5)
[0219/224239.688:ERROR:process_reader_win.cc(151)] SuspendThread: Access is denied. (0x5)
[0219/224239.688:ERROR:process_reader_win.cc(151)] SuspendThread: Access is denied. (0x5)
[0219/224239.689:ERROR:process_reader_win.cc(123)] NtOpenThread: {Access Denied} A process has requested access to an object, but has not been granted those access rights. (0xc0000022)
[0219/224239.689:ERROR:exception_snapshot_win.cc(98)] thread ID 39084 not found in process
[0219/224239.703:ERROR:process_reader_win.cc(151)] SuspendThread: Access is denied. (0x5)
[0219/224239.704:ERROR:process_reader_win.cc(151)] SuspendThread: Access is denied. (0x5)
[0219/224239.704:ERROR:process_reader_win.cc(151)] SuspendThread: Access is denied. (0x5)
[0219/224239.704:ERROR:process_reader_win.cc(151)] SuspendThread: Access is denied. (0x5)
[0219/224239.704:ERROR:process_reader_win.cc(151)] SuspendThread: Access is denied. (0x5)
[0219/224239.704:ERROR:process_reader_win.cc(151)] SuspendThread: Access is denied. (0x5)
[0219/224239.704:ERROR:process_reader_win.cc(151)] SuspendThread: Access is denied. (0x5)
[0219/224239.704:ERROR:process_reader_win.cc(151)] SuspendThread: Access is denied. (0x5)
[0219/224239.704:ERROR:process_reader_win.cc(151)] SuspendThread: Access is denied. (0x5)
[0219/224239.705:ERROR:process_reader_win.cc(151)] SuspendThread: Access is denied. (0x5)
[0219/224239.705:ERROR:process_reader_win.cc(151)] SuspendThread: Access is denied. (0x5)
[0219/224239.705:ERROR:process_reader_win.cc(151)] SuspendThread: Access is denied. (0x5)
[0219/224239.705:ERROR:process_reader_win.cc(151)] SuspendThread: Access is denied. (0x5)
[0219/224239.705:ERROR:process_reader_win.cc(151)] SuspendThread: Access is denied. (0x5)
[0219/224239.705:ERROR:process_reader_win.cc(151)] SuspendThread: Access is denied. (0x5)
[0219/224239.705:ERROR:process_reader_win.cc(151)] SuspendThread: Access is denied. (0x5)
[0219/224239.705:ERROR:process_reader_win.cc(151)] SuspendThread: Access is denied. (0x5)
[0219/224239.705:ERROR:process_reader_win.cc(151)] SuspendThread: Access is denied. (0x5)
[0219/224239.705:ERROR:process_reader_win.cc(151)] SuspendThread: Access is denied. (0x5)
[0219/224239.705:ERROR:process_reader_win.cc(151)] SuspendThread: Access is denied. (0x5)
[0219/224239.705:ERROR:process_reader_win.cc(151)] SuspendThread: Access is denied. (0x5)
[0219/224239.705:ERROR:process_reader_win.cc(151)] SuspendThread: Access is denied. (0x5)
[0219/224239.705:ERROR:process_reader_win.cc(151)] SuspendThread: Access is denied. (0x5)
[0219/224239.705:ERROR:process_reader_win.cc(151)] SuspendThread: Access is denied. (0x5)
[0219/224239.705:ERROR:process_reader_win.cc(151)] SuspendThread: Access is denied. (0x5)
[0219/224239.705:ERROR:process_reader_win.cc(123)] NtOpenThread: {Access Denied} A process has requested access to an object, but has not been granted those access rights. (0xc0000022)
[0219/224239.705:ERROR:exception_snapshot_win.cc(98)] thread ID 14724 not found in process
[0309/193455.278:ERROR:process_reader_win.cc(123)] NtOpenThread: {Access Denied} A process has requested access to an object, but has not been granted those access rights. (0xc0000022)
[0309/193455.338:ERROR:exception_snapshot_win.cc(98)] thread ID 40316 not found in process
[0309/193455.373:ERROR:process_reader_win.cc(123)] NtOpenThread: {Access Denied} A process has requested access to an object, but has not been granted those access rights. (0xc0000022)
[0309/193455.373:ERROR:exception_snapshot_win.cc(98)] thread ID 46420 not found in process
[0309/193455.458:ERROR:process_reader_win.cc(123)] NtOpenThread: {Access Denied} A process has requested access to an object, but has not been granted those access rights. (0xc0000022)
[0309/193455.458:ERROR:exception_snapshot_win.cc(98)] thread ID 8440 not found in process
[0309/234904.273:ERROR:process_reader_win.cc(123)] NtOpenThread: {Access Denied} A process has requested access to an object, but has not been granted those access rights. (0xc0000022)
[0309/234904.322:ERROR:exception_snapshot_win.cc(98)] thread ID 50988 not found in process
[0309/234904.322:ERROR:scoped_process_suspend.cc(40)] NtResumeProcess: An attempt was made to access an exiting process. (0xc000010a)
[0312/004210.546:ERROR:process_reader_win.cc(123)] NtOpenThread: {Access Denied} A process has requested access to an object, but has not been granted those access rights. (0xc0000022)
[0312/004210.595:ERROR:exception_snapshot_win.cc(98)] thread ID 1376 not found in process
[0312/004210.713:ERROR:process_reader_win.cc(151)] SuspendThread: Access is denied. (0x5)
[0312/004210.714:ERROR:process_reader_win.cc(151)] SuspendThread: Access is denied. (0x5)
[0312/004210.714:ERROR:process_reader_win.cc(151)] SuspendThread: Access is denied. (0x5)
[0312/004210.714:ERROR:process_reader_win.cc(123)] NtOpenThread: {Access Denied} A process has requested access to an object, but has not been granted those access rights. (0xc0000022)
[0312/004210.714:ERROR:exception_snapshot_win.cc(98)] thread ID 54500 not found in process
[0312/004210.766:ERROR:process_reader_win.cc(151)] SuspendThread: Access is denied. (0x5)
[0312/004210.767:ERROR:process_reader_win.cc(123)] NtOpenThread: {Access Denied} A process has requested access to an object, but has not been granted those access rights. (0xc0000022)
[0312/004210.767:ERROR:exception_snapshot_win.cc(98)] thread ID 34944 not found in process
[0312/004210.850:ERROR:process_reader_win.cc(151)] SuspendThread: Access is denied. (0x5)
[0312/004210.850:ERROR:process_reader_win.cc(151)] SuspendThread: Access is denied. (0x5)
[0312/004210.850:ERROR:process_reader_win.cc(123)] NtOpenThread: {Access Denied} A process has requested access to an object, but has not been granted those access rights. (0xc0000022)
[0312/004210.850:ERROR:exception_snapshot_win.cc(98)] thread ID 37872 not found in process
[0312/115344.695:ERROR:process_reader_win.cc(123)] NtOpenThread: {Access Denied} A process has requested access to an object, but has not been granted those access rights. (0xc0000022)
[0312/115344.734:ERROR:exception_snapshot_win.cc(98)] thread ID 55160 not found in process
[0312/115344.807:ERROR:process_reader_win.cc(123)] NtOpenThread: {Access Denied} A process has requested access to an object, but has not been granted those access rights. (0xc0000022)
[0312/115344.808:ERROR:exception_snapshot_win.cc(98)] thread ID 53544 not found in process
[0320/125446.943:ERROR:process_reader_win.cc(151)] SuspendThread: Access is denied. (0x5)
[0320/125446.965:ERROR:process_reader_win.cc(151)] SuspendThread: Access is denied. (0x5)
[0320/125446.965:ERROR:process_reader_win.cc(151)] SuspendThread: Access is denied. (0x5)
[0320/125446.965:ERROR:process_reader_win.cc(151)] SuspendThread: Access is denied. (0x5)
[0320/125446.965:ERROR:process_reader_win.cc(123)] NtOpenThread: {Access Denied} A process has requested access to an object, but has not been granted those access rights. (0xc0000022)
[0320/125446.965:ERROR:exception_snapshot_win.cc(98)] thread ID 22112 not found in process
[0320/125446.956:ERROR:process_reader_win.cc(123)] NtOpenThread: {Access Denied} A process has requested access to an object, but has not been granted those access rights. (0xc0000022)
[0320/125446.968:ERROR:exception_snapshot_win.cc(98)] thread ID 21724 not found in process
[0320/133622.608:ERROR:process_reader_win.cc(123)] NtOpenThread: {Access Denied} A process has requested access to an object, but has not been granted those access rights. (0xc0000022)
[0320/133622.609:ERROR:exception_snapshot_win.cc(98)] thread ID 24264 not found in process
[0320/133622.610:ERROR:process_reader_win.cc(123)] NtOpenThread: {Access Denied} A process has requested access to an object, but has not been granted those access rights. (0xc0000022)
[0320/133622.610:ERROR:exception_snapshot_win.cc(98)] thread ID 20804 not found in process
[0320/134441.105:ERROR:process_reader_win.cc(123)] NtOpenThread: {Access Denied} A process has requested access to an object, but has not been granted those access rights. (0xc0000022)
[0320/134441.107:ERROR:exception_snapshot_win.cc(98)] thread ID 16656 not found in process
[0320/134441.119:ERROR:process_reader_win.cc(123)] NtOpenThread: {Access Denied} A process has requested access to an object, but has not been granted those access rights. (0xc0000022)
[0320/134441.119:ERROR:exception_snapshot_win.cc(98)] thread ID 7896 not found in process
[0320/203416.296:ERROR:process_reader_win.cc(123)] NtOpenThread: {Access Denied} A process has requested access to an object, but has not been granted those access rights. (0xc0000022)
[0320/203416.515:ERROR:exception_snapshot_win.cc(98)] thread ID 13356 not found in process
[0320/203418.576:ERROR:process_reader_win.cc(123)] NtOpenThread: {Access Denied} A process has requested access to an object, but has not been granted those access rights. (0xc0000022)
[0320/203418.576:ERROR:exception_snapshot_win.cc(98)] thread ID 21404 not found in process
[0320/203420.709:ERROR:process_reader_win.cc(151)] SuspendThread: Access is denied. (0x5)
[0320/203420.711:ERROR:process_reader_win.cc(151)] SuspendThread: Access is denied. (0x5)
[0320/203420.711:ERROR:process_reader_win.cc(151)] SuspendThread: Access is denied. (0x5)
[0320/203420.711:ERROR:process_reader_win.cc(151)] SuspendThread: Access is denied. (0x5)
[0320/203420.712:ERROR:process_reader_win.cc(123)] NtOpenThread: {Access Denied} A process has requested access to an object, but has not been granted those access rights. (0xc0000022)
[0320/203420.712:ERROR:exception_snapshot_win.cc(98)] thread ID 20796 not found in process
[0401/125219.647:ERROR:process_reader_win.cc(151)] SuspendThread: Access is denied. (0x5)
[0401/125219.999:ERROR:process_reader_win.cc(123)] NtOpenThread: An invalid Client ID was specified. (0xc000000b)
[0401/125219.999:ERROR:exception_snapshot_win.cc(98)] thread ID 20088 not found in process
[0401/125219.999:ERROR:scoped_process_suspend.cc(40)] NtResumeProcess: An attempt was made to access an exiting process. (0xc000010a)
[0401/130644.625:ERROR:process_reader_win.cc(123)] NtOpenThread: {Access Denied} A process has requested access to an object, but has not been granted those access rights. (0xc0000022)
[0401/130644.626:ERROR:exception_snapshot_win.cc(98)] thread ID 51592 not found in process
[0401/130644.652:ERROR:process_reader_win.cc(123)] NtOpenThread: {Access Denied} A process has requested access to an object, but has not been granted those access rights. (0xc0000022)
[0401/130644.652:ERROR:exception_snapshot_win.cc(98)] thread ID 26536 not found in process
